"../../../Engine/Content/EditorResources/S_Actor.uasset" 0
"../../../Engine/Content/EngineResources/AICON-Red.uasset" 1
"../../../Engine/Content/EngineResources/AICON-Green.uasset" 2
"../../../Engine/Content/EngineFonts/Roboto.uasset" 3
"../../../Engine/Content/Functions/Engine_MaterialFunctions01/Shading/PowerToRoughness.uasset" 4
"../../../Engine/Content/Functions/Engine_MaterialFunctions01/Shading/ConvertFromDiffSpec.uasset" 5
"../../../Engine/Content/EngineMaterials/DefaultDiffuse.uasset" 6
"../../../Engine/Content/EngineMaterials/DefaultDeferredDecalMaterial.uasset" 7
"../../../Engine/Content/EngineMaterials/DefaultLightFunctionMaterial.uasset" 8
"../../../Engine/Content/Functions/Engine_MaterialFunctions02/Utility/BreakOutFloat2Components.uasset" 9
"../../../Engine/Content/EngineMaterials/DefaultPostProcessMaterial.uasset" 10
"../../../Engine/Content/EngineResources/DefaultTexture.uasset" 11
"../../../Engine/Content/Functions/Engine_MaterialFunctions01/Texturing/ScaleUVsByCenter.uasset" 12
"../../../Engine/Content/Functions/Engine_MaterialFunctions02/ScreenResolution.uasset" 13
"../../../Engine/Content/Functions/Engine_MaterialFunctions02/Texturing/ScreenAlignedUVs.uasset" 14
"../../../Engine/Content/EngineResources/WhiteSquareTexture.uasset" 15
"../../../Engine/Content/EngineMaterials/Widget3DPassThrough.uasset" 16
"../../../Engine/Content/EngineMaterials/Widget3DPassThrough_Translucent.uasset" 17
"../../../Engine/Content/EngineMaterials/Widget3DPassThrough_Translucent_OneSided.uasset" 18
"../../../Engine/Content/EngineMaterials/Widget3DPassThrough_Opaque.uasset" 19
"../../../Engine/Content/EngineMaterials/Widget3DPassThrough_Opaque_OneSided.uasset" 20
"../../../Engine/Content/EngineMaterials/Widget3DPassThrough_Masked.uasset" 21
"../../../Engine/Content/EngineMaterials/Widget3DPassThrough_Masked_OneSided.uasset" 22
"../../../Engine/Content/Maps/Templates/Thumbnails/Default.uasset" 23
"../../../Engine/Content/Maps/Templates/Thumbnails/VR-Basic.uasset" 24
"../../../Engine/Content/EditorMaterials/ParticleSystems/PSysThumbnail_NoImage.uasset" 25
"../../../Engine/Content/EditorMaterials/ParticleSystems/PSysThumbnail_OOD.uasset" 26
"../../../Engine/Content/EditorLandscapeResources/DataLayer.uasset" 27
"../../../Engine/Content/EngineDamageTypes/DmgTypeBP_Environmental.uasset" 28
"../../../Engine/Content/EngineMeshes/Sphere.uasset" 29
"../../../Engine/Content/EngineFonts/RobotoDistanceField.uasset" 30
"../../../Engine/Content/EngineMaterials/DefaultTextMaterialOpaque.uasset" 31
"../../../Engine/Content/EditorResources/S_Trigger.uasset" 32
"../../../Engine/Content/EngineResources/GradientTexture0.uasset" 33
"../../../Engine/Content/EngineResources/Black.uasset" 34
"../../../Engine/Content/EditorMaterials/MatineeGroups/MAT_Groups_Float.uasset" 35
"../../../Engine/Content/EditorMaterials/MatineeGroups/MAT_Groups_Director.uasset" 36
"../../../Engine/Content/EditorMaterials/MatineeGroups/MAT_Groups_Event.uasset" 37
"../../../Engine/Content/EditorMaterials/MatineeGroups/MAT_Groups_Anim.uasset" 38
"../../../Engine/Content/EditorMaterials/MatineeGroups/MAT_Groups_Fade.uasset" 39
"../../../Engine/Content/EditorMaterials/MatineeGroups/MAT_Groups_Move.uasset" 40
"../../../Engine/Content/EditorMaterials/MatineeGroups/MAT_Groups_Slomo.uasset" 41
"../../../Engine/Content/EditorMaterials/MatineeGroups/MAT_ColorTrack.uasset" 42
"../../../Engine/Content/EditorMaterials/MAT_Groups_Toggle.uasset" 43
"../../../Engine/Content/EditorMaterials/MatineeGroups/MAT_Groups_AudioMaster.uasset" 44
"../../../Engine/Content/EditorMaterials/MatineeGroups/MAT_Groups_Sound.uasset" 45
"../../../Engine/Content/EditorMaterials/MatineeGroups/MAT_Groups_Vector.uasset" 46
"../../../Engine/Content/EditorMaterials/MAT_Groups_Visibility.uasset" 47
"../../../Engine/Content/EngineResources/DefaultTextureCube.uasset" 48
"../../../Engine/Content/Functions/Engine_MaterialFunctions01/Opacity/CameraDepthFade.uasset" 49
"../../../Engine/Content/EngineMaterials/T_Default_Material_Grid_M.uasset" 50
"../../../Engine/Content/EngineMaterials/T_Default_Material_Grid_N.uasset" 51
"../../../Engine/Content/EngineMaterials/DefaultMaterial.uasset" 52
"../../../Engine/Content/EngineMeshes/Cylinder.uasset" 53
"../../../Engine/Content/EngineTireTypes/DefaultTireType.uasset" 54
"../../../Engine/Content/EditorMaterials/Camera/CineMat.uasset" 55
"../../../Engine/Content/EditorMaterials/Camera/MI_CineMat_Rig.uasset" 56
"../../../Engine/Content/EditorMeshes/Camera/SM_CraneRig_Base.uasset" 57
"../../../Engine/Content/EditorMeshes/Camera/SM_CraneRig_Arm.uasset" 58
"../../../Engine/Content/EditorMeshes/Camera/SM_CraneRig_Mount.uasset" 59
"../../../Engine/Content/EditorMeshes/Camera/SM_CraneRig_Body.uasset" 60
"../../../Engine/Content/EditorMeshes/Camera/SM_RailRig_Track.uasset" 61
"../../../Engine/Content/EditorMeshes/Camera/SM_RailRig_Mount.uasset" 62
"../../../Engine/Content/VREditor/LaserPointer/VR_LaserPower_01.uasset" 63
"../../../Engine/Content/VREditor/TransformGizmo/TransformGizmoMaterial.uasset" 64
"../../../Engine/Content/VREditor/TransformGizmo/TranslucentTransformGizmoMaterial.uasset" 65
"../../../Engine/Content/VREditor/TransformGizmo/TranslationHandle.uasset" 66
"../../../Engine/Content/VREditor/TransformGizmo/PlaneTranslationHandle.uasset" 67
"../../../Engine/Content/VREditor/TransformGizmo/RotationHandle.uasset" 68
"../../../Engine/Content/VREditor/TransformGizmo/StretchingHandle.uasset" 69
"../../../Engine/Content/VREditor/TransformGizmo/BoundingBoxCorner.uasset" 70
"../../../Engine/Content/VREditor/TransformGizmo/BoundingBoxEdge.uasset" 71
"../../../Engine/Content/VREditor/TransformGizmo/UniformScaleHandle.uasset" 72
"../../../Engine/Content/VREditor/FloatingText/LineMaterial.uasset" 73
"../../../Engine/Content/VREditor/FloatingText/LineSegmentCylinder.uasset" 74
"../../../Engine/Content/VREditor/FloatingText/JointSphere.uasset" 75
"../../../Engine/Content/VREditor/Fonts/VRText_RobotoLarge.uasset" 76
"../../../Engine/Content/VREditor/Fonts/VRTextMaterial.uasset" 77
"../../../Engine/Content/VREditor/Fonts/TranslucentVRTextMaterial.uasset" 78
"../../../Engine/Content/VREditor/UI/SelectionBarMesh.uasset" 79
"../../../Engine/Content/VREditor/UI/CloseButtonMesh.uasset" 80
"../../../Engine/Content/Tutorial/ContentIntroCurve.uasset" 81
"../../../Engine/Plugins/2D/Paper2D/Content/PlaceholderTextures/DummySpriteTexture.uasset" 82
"../../../Engine/Plugins/2D/Paper2D/Content/DefaultSpriteMaterial.uasset" 83
"../../../Engine/Plugins/2D/Paper2D/Content/MaskedUnlitSpriteMaterial.uasset" 84
"../../../Engine/Plugins/2D/Paper2D/Content/OpaqueUnlitSpriteMaterial.uasset" 85
"../../../Engine/Plugins/2D/Paper2D/Content/DummySprite.uasset" 86
"../../../Engine/Plugins/2D/Paper2D/Content/DefaultPaperTerrainMaterial.uasset" 87
"../../../SpaceShooter/Content/UI/HUD/HUDMain.uasset" 88
"../../../SpaceShooter/Content/UI/InventoryWidget.uasset" 89
"../../../SpaceShooter/Content/SkeletalMeshs/Weapons/Weapons-Firearms/Textures/T_G36_N.uasset" 90
"../../../Engine/Content/MobileResources/HUD/MobileHUDButton3.uasset" 91
"../../../SpaceShooter/Content/Effects/Textures/T_blood_various.uasset" 92
"../../../SpaceShooter/Content/Effects/Textures/T_blood_various_N.uasset" 93
"../../../SpaceShooter/Content/Effects/Materials/Gameplay/M_impact_splash_subUV.uasset" 94
"../../../SpaceShooter/Content/Effects/P_body_bullet_impact.uasset" 95
"../../../Engine/Content/MobileResources/HUD/MobileHUDButtonFire.uasset" 96
"../../../SpaceShooter/Content/Effects/Textures/LensFlare/T_Lensflare_01.uasset" 97
"../../../SpaceShooter/Content/Effects/Materials/LensFlare/M_Lensflare_01.uasset" 98
"../../../Engine/Content/Functions/Engine_MaterialFunctions01/Gradient/RadialGradient.uasset" 99
"../../../SpaceShooter/Content/Effects/Materials/Ramp/M_SoftGradient_Muzzle.uasset" 100
"../../../SpaceShooter/Content/Effects/Textures/Smoke/T_Clouds_01.uasset" 101
"../../../SpaceShooter/Content/Effects/Textures/Smoke/T_SmokeBall_01_8_8.uasset" 102
"../../../SpaceShooter/Content/Effects/Materials/Smoke/M_ImpactSmoke.uasset" 103
"../../../SpaceShooter/Content/Effects/Materials/Smoke/M_SmokeBall.uasset" 104
"../../../SpaceShooter/Content/Effects/Textures/Weapon/T_muzzle_flashes.uasset" 105
"../../../SpaceShooter/Content/Effects/Materials/Weapon/M_muzzle_flash_subUV.uasset" 106
"../../../Engine/Content/Functions/Engine_MaterialFunctions01/Gradient/LinearGradient.uasset" 107
"../../../SpaceShooter/Content/Effects/Textures/Mask/T_SquareMaskTightEdge.uasset" 108
"../../../SpaceShooter/Content/Effects/Textures/Noise/T_TileNoise.uasset" 109
"../../../SpaceShooter/Content/Effects/Materials/Weapon/M_MuzzleGlow.uasset" 110
"../../../SpaceShooter/Content/Effects/Meshes/Weapon/SM_MuzzleCone.uasset" 111
"../../../SpaceShooter/Content/Effects/P_AssaultRifle_MF.uasset" 112
"../../../SpaceShooter/Content/SkeletalMeshs/Weapons/Weapons-Firearms/Materials/M_G36.uasset" 113
"../../../SpaceShooter/Content/SkeletalMeshs/Weapons/Weapons-Firearms/Materials/M_Moss500.uasset" 114
"../../../SpaceShooter/Content/UI/HUD/Roboto18.uasset" 115
"../../../Engine/Content/MobileResources/HUD/MobileHUDDirectionPad.uasset" 116
"../../../Engine/Content/MobileResources/HUD/MobileHUDDirectionPad2.uasset" 117
"../../../Engine/Content/MobileResources/HUD/MobileHUDDirectionStick.uasset" 118
"../../../Engine/Content/EditorResources/EmptyActor.uasset" 119
"../../../Engine/Content/EngineMeshes/Humanoid.uasset" 120
"../../../Engine/Content/Functions/Engine_MaterialFunctions02/Utility/BlendAngleCorrectedNormals.uasset" 121
"../../../Engine/Content/Functions/MaterialLayerFunctions/MatLayerBlend_NormalBlend.uasset" 122
"../../../Engine/Content/Functions/MaterialLayerFunctions/MatLayerBlend_Simple.uasset" 123
"../../../SpaceShooter/Content/SkeletalMeshs/Character/Materials/MaterialLayers/T_ML_Rubber_Blue_01_D.uasset" 124
"../../../SpaceShooter/Content/SkeletalMeshs/Character/Materials/MaterialLayers/T_ML_Rubber_Blue_01_N.uasset" 125
"../../../SpaceShooter/Content/SkeletalMeshs/Character/Materials/MaterialLayers/ML_GlossyBlack_Latex_UE4.uasset" 126
"../../../SpaceShooter/Content/SkeletalMeshs/Character/Materials/MaterialLayers/ML_Plastic_Shiny_Beige.uasset" 127
"../../../SpaceShooter/Content/SkeletalMeshs/Character/Textures/UE4_LOGO_CARD.uasset" 128
"../../../SpaceShooter/Content/SkeletalMeshs/Character/Materials/MaterialLayers/ML_Plastic_Shiny_Beige_LOGO.uasset" 129
"../../../SpaceShooter/Content/SkeletalMeshs/Character/Materials/MaterialLayers/T_ML_Aluminum01.uasset" 130
"../../../SpaceShooter/Content/SkeletalMeshs/Character/Materials/MaterialLayers/T_ML_Aluminum01_N.uasset" 131
"../../../SpaceShooter/Content/SkeletalMeshs/Character/Materials/MaterialLayers/ML_SoftMetal_UE4.uasset" 132
"../../../SpaceShooter/Content/SkeletalMeshs/Character/Textures/UE4_Mannequin__normals.uasset" 133
"../../../SpaceShooter/Content/SkeletalMeshs/Character/Textures/UE4_Mannequin_MAT_MASKA.uasset" 134
"../../../SpaceShooter/Content/SkeletalMeshs/Character/Materials/M_UE4Man_Body.uasset" 135
"../../../SpaceShooter/Content/SkeletalMeshs/Character/Textures/UE4Man_Logo_N.uasset" 136
"../../../SpaceShooter/Content/SkeletalMeshs/Character/Materials/M_UE4Man_ChestLogo.uasset" 137
"../../../SpaceShooter/Content/SkeletalMeshs/Character/Mesh/SK_Mannequin_Physics.uasset" 138
"../../../SpaceShooter/Content/SkeletalMeshs/Character/Mesh/SK_Mannequin.uasset" 139
"../../../SpaceShooter/Content/SkeletalMeshs/Character/Mesh/UE4_Mannequin_Skeleton.uasset" 140
"../../../SpaceShooter/Content/SkeletalMeshs/Animations/Custom/M_IdleRifle.uasset" 141
"../../../SpaceShooter/Content/SkeletalMeshs/Animations/Custom/AimPoses/Aim_CC.uasset" 142
"../../../SpaceShooter/Content/SkeletalMeshs/Animations/Custom/AimPoses/Aim_CD.uasset" 143
"../../../SpaceShooter/Content/SkeletalMeshs/Animations/Custom/AimPoses/Aim_CU.uasset" 144
"../../../SpaceShooter/Content/SkeletalMeshs/Animations/Custom/AimPoses/Aim_LC.uasset" 145
"../../../SpaceShooter/Content/SkeletalMeshs/Animations/Custom/AimPoses/Aim_LD.uasset" 146
"../../../SpaceShooter/Content/SkeletalMeshs/Animations/Custom/AimPoses/Aim_LU.uasset" 147
"../../../SpaceShooter/Content/SkeletalMeshs/Animations/Custom/AimPoses/Aim_RC.uasset" 148
"../../../SpaceShooter/Content/SkeletalMeshs/Animations/Custom/AimPoses/Aim_RD.uasset" 149
"../../../SpaceShooter/Content/SkeletalMeshs/Animations/Custom/AimPoses/Aim_RU.uasset" 150
"../../../SpaceShooter/Content/Blueprints/Characters/AnimationBluePrints/AimOffsetBlendSpace.uasset" 151
"../../../SpaceShooter/Content/SkeletalMeshs/Animations/Pistol/Pistol_AimOffset_CC.uasset" 152
"../../../SpaceShooter/Content/SkeletalMeshs/Animations/Pistol/Pistol_AimOffset_CD.uasset" 153
"../../../SpaceShooter/Content/SkeletalMeshs/Animations/Pistol/Pistol_AimOffset_CU.uasset" 154
"../../../SpaceShooter/Content/SkeletalMeshs/Animations/Pistol/Pistol_AimOffset_LC.uasset" 155
"../../../SpaceShooter/Content/SkeletalMeshs/Animations/Pistol/Pistol_AimOffset_LD.uasset" 156
"../../../SpaceShooter/Content/SkeletalMeshs/Animations/Pistol/Pistol_AimOffset_LU.uasset" 157
"../../../SpaceShooter/Content/SkeletalMeshs/Animations/Pistol/Pistol_AimOffset_RC.uasset" 158
"../../../SpaceShooter/Content/SkeletalMeshs/Animations/Pistol/Pistol_AimOffset_RD.uasset" 159
"../../../SpaceShooter/Content/SkeletalMeshs/Animations/Pistol/Pistol_AimOffset_RU.uasset" 160
"../../../SpaceShooter/Content/SkeletalMeshs/Animations/Pistol/Pistol_Idle.uasset" 161
"../../../SpaceShooter/Content/SkeletalMeshs/Animations/Pistol/PistolStandAimOffset.uasset" 162
"../../../SpaceShooter/Content/SkeletalMeshs/Animations/AnimStarterPack/UE4_Mannequin/Mesh/UE4_Mannequin_Skeleton.uasset" 163
"../../../SpaceShooter/Content/SkeletalMeshs/Animations/AnimStarterPack/Crouch_Idle_Rifle_Ironsights.uasset" 164
"../../../SpaceShooter/Content/SkeletalMeshs/Animations/AnimStarterPack/Crouch_Walk_Bwd_Rifle_Ironsights.uasset" 165
"../../../SpaceShooter/Content/SkeletalMeshs/Animations/AnimStarterPack/Crouch_Walk_Fwd_Rifle_Ironsights.uasset" 166
"../../../SpaceShooter/Content/SkeletalMeshs/Animations/AnimStarterPack/Crouch_Walk_Lt_Rifle_Ironsights.uasset" 167
"../../../SpaceShooter/Content/SkeletalMeshs/Animations/AnimStarterPack/Crouch_Walk_Rt_Rifle_Ironsights.uasset" 168
"../../../SpaceShooter/Content/Blueprints/Characters/AnimationBluePrints/CrouchMovement.uasset" 169
"../../../SpaceShooter/Content/SkeletalMeshs/Animations/Custom/M_BackwardRifle.uasset" 170
"../../../SpaceShooter/Content/SkeletalMeshs/Animations/Custom/M_FwdRifle.uasset" 171
"../../../SpaceShooter/Content/SkeletalMeshs/Animations/Custom/M_LeftRifle.uasset" 172
"../../../SpaceShooter/Content/SkeletalMeshs/Animations/Custom/M_RightRifle.uasset" 173
"../../../SpaceShooter/Content/Blueprints/Characters/AnimationBluePrints/RifleAimMovement.uasset" 174
"../../../SpaceShooter/Content/SkeletalMeshs/Animations/Pistol/Pistol_RunBwdLoop.uasset" 175
"../../../SpaceShooter/Content/SkeletalMeshs/Animations/Pistol/Pistol_RunFwdLoop.uasset" 176
"../../../SpaceShooter/Content/SkeletalMeshs/Animations/Pistol/Pistol_StrafeLeft135Loop.uasset" 177
"../../../SpaceShooter/Content/SkeletalMeshs/Animations/Pistol/Pistol_StrafeLeft45Loop.uasset" 178
"../../../SpaceShooter/Content/SkeletalMeshs/Animations/Pistol/Pistol_StrafeLeftLoop.uasset" 179
"../../../SpaceShooter/Content/SkeletalMeshs/Animations/Pistol/Pistol_StrafeRight135Loop.uasset" 180
"../../../SpaceShooter/Content/SkeletalMeshs/Animations/Pistol/Pistol_StrafeRight45Loop.uasset" 181
"../../../SpaceShooter/Content/SkeletalMeshs/Animations/Pistol/Pistol_StrafeRightLoop.uasset" 182
"../../../SpaceShooter/Content/SkeletalMeshs/Animations/Pistol/Pistol_StrafeRun135LeftLoop.uasset" 183
"../../../SpaceShooter/Content/SkeletalMeshs/Animations/Pistol/Pistol_StrafeRun135RightLoop.uasset" 184
"../../../SpaceShooter/Content/SkeletalMeshs/Animations/Pistol/Pistol_StrafeRun45LeftLoop.uasset" 185
"../../../SpaceShooter/Content/SkeletalMeshs/Animations/Pistol/Pistol_StrafeRun45RightLoop.uasset" 186
"../../../SpaceShooter/Content/SkeletalMeshs/Animations/Pistol/Pistol_StrafeRunLeftLoop.uasset" 187
"../../../SpaceShooter/Content/SkeletalMeshs/Animations/Pistol/Pistol_StrafeRunRightLoop.uasset" 188
"../../../SpaceShooter/Content/SkeletalMeshs/Animations/Pistol/Pistol_WalkBwdLoop.uasset" 189
"../../../SpaceShooter/Content/SkeletalMeshs/Animations/Pistol/Pistol_WalkFwdLoop.uasset" 190
"../../../SpaceShooter/Content/SkeletalMeshs/Animations/Pistol/PistolMovementLoop.uasset" 191
"../../../SpaceShooter/Content/SkeletalMeshs/Animations/ThirdPersonIdle.uasset" 192
"../../../SpaceShooter/Content/SkeletalMeshs/Animations/ThirdPersonRun.uasset" 193
"../../../SpaceShooter/Content/SkeletalMeshs/Animations/ThirdPersonWalk.uasset" 194
"../../../SpaceShooter/Content/SkeletalMeshs/Animations/Idle.uasset" 195
"../../../SpaceShooter/Content/Blueprints/Characters/PlayerCharacterABP.uasset" 196
"../../../SpaceShooter/Content/Blueprints/TestWeapon/damagetype.uasset" 197
"../../../SpaceShooter/Content/Effects/Textures/Water/T_Distortion_01.uasset" 198
"../../../SpaceShooter/Content/Effects/Textures/Weapon/T_bullet_hole_2.uasset" 199
"../../../SpaceShooter/Content/Effects/Materials/Weapon/M_Impact_Decal.uasset" 200
"../../../SpaceShooter/Content/Effects/Textures/LensFlare/Flare_02.uasset" 201
"../../../SpaceShooter/Content/Effects/Materials/LensFlare/M_LensFlare_02.uasset" 202
"../../../SpaceShooter/Content/Effects/Materials/Ramp/M_radial_ramp_soft.uasset" 203
"../../../SpaceShooter/Content/Effects/Textures/Water/T_Steam_02_Packed.uasset" 204
"../../../SpaceShooter/Content/Effects/Materials/Smoke/M_MuzzleSmokeDetail_GPU.uasset" 205
"../../../SpaceShooter/Content/Effects/Textures/Spark/T_SparkCore_2X2.uasset" 206
"../../../SpaceShooter/Content/Effects/materials/spark/M_spark_subUV.uasset" 207
"../../../SpaceShooter/Content/Effects/P_AssaultRifle_IH.uasset" 208
"../../../SpaceShooter/Content/Effects/Materials/M_radial_ramp.uasset" 209
"../../../SpaceShooter/Content/Effects/Textures/T_Smoke_Tiled_D.uasset" 210
"../../../SpaceShooter/Content/Effects/Textures/T_SmokeSubUV_8X8.uasset" 211
"../../../SpaceShooter/Content/Effects/Materials/M_smoke_subUV.uasset" 212
"../../../SpaceShooter/Content/Effects/Textures/T_Spark_Core.uasset" 213
"../../../SpaceShooter/Content/Effects/Materials/M_Spark_Basic.uasset" 214
"../../../SpaceShooter/Content/Effects/P_Bomb_Fuse.uasset" 215
"../../../Engine/Content/Functions/Engine_MaterialFunctions01/Density/ExponentialDensity.uasset" 216
"../../../Engine/Content/Functions/Engine_MaterialFunctions01/Gradient/RadialGradientExponential.uasset" 217
"../../../SpaceShooter/Content/FX/Spark.uasset" 218
"../../../SpaceShooter/Content/FX/P_BulletImpact.uasset" 219
"../../../SpaceShooter/Content/Blueprints/TestWeapon/NewSoundConcurrency.uasset" 220
"../../../SpaceShooter/Content/FX/Sound/BaseWorldSounds.uasset" 221
"../../../SpaceShooter/Content/FX/Sound/Weapon/ImpactSounds.uasset" 222
"../../../SpaceShooter/Content/FX/Sound/ExplosionAtten.uasset" 223
"../../../SpaceShooter/Content/FX/Sound/Weapon/RocketExplosion_Cue.uasset" 224
"../../../SpaceShooter/Content/Blueprints/TestWeapon/impacttest.uasset" 225
"../../../SpaceShooter/Content/SkeletalMeshs/Weapons/Weapons-Firearms/Textures/T_BerettaRevolver_N.uasset" 226
"../../../SpaceShooter/Content/SkeletalMeshs/Weapons/Weapons-Firearms/Textures/T_G36_D.uasset" 227
"../../../SpaceShooter/Content/SkeletalMeshs/Weapons/Weapons-Firearms/Materials/M_BerettaRevolver.uasset" 228
"../../../SpaceShooter/Content/Effects/P_AssaultRifle_MF2.uasset" 229
"../../../Engine/Content/EditorMaterials/Cascade/CASC_Cross.uasset" 230
"../../../Engine/Content/EditorMaterials/Cascade/CASC_None.uasset" 231
"../../../Engine/Content/Functions/Engine_MaterialFunctions03/Blends/Blend_LinearBurn.uasset" 232
"../../../SpaceShooter/Content/FX/Mat_SniperTrail.uasset" 233
"../../../SpaceShooter/Content/FX/P_SniperTrail.uasset" 234
"../../../SpaceShooter/Content/FX/Sound/BaseSelfSounds.uasset" 235
"../../../SpaceShooter/Content/FX/Sound/Weapon/FireSoundConcurrency.uasset" 236
"../../../SpaceShooter/Content/FX/Sound/Weapon/DMR_Fire_Cue.uasset" 237
"../../../SpaceShooter/Content/SkeletalMeshs/Weapons/Weapons-Firearms/Skeletons/Fbx_Default_Material.uasset" 238
"../../../SpaceShooter/Content/SkeletalMeshs/Weapons/Weapons-Firearms/Skeletons/Baretta_PhysicsAsset.uasset" 239
"../../../SpaceShooter/Content/SkeletalMeshs/Weapons/Weapons-Firearms/Skeletons/Baretta_Skeleton.uasset" 240
"../../../SpaceShooter/Content/SkeletalMeshs/Weapons/Weapons-Firearms/Skeletons/Baretta.uasset" 241
"../../../SpaceShooter/Content/Blueprints/TestWeapon/TestPistol.uasset" 242
"../../../SpaceShooter/Content/Effects/MuzzleFlash/muzzle.uasset" 243
"../../../SpaceShooter/Content/Effects/MuzzleFlash/MuzzleFlash_Mat.uasset" 244
"../../../SpaceShooter/Content/Effects/MuzzleFlash/BR_Flash_Particle.uasset" 245
"../../../SpaceShooter/Content/FX/Sound/Weapon/BattleRifle_Fire_Cue.uasset" 246
"../../../SpaceShooter/Content/FX/Sound/Weapon/DMR_Reload_Cue.uasset" 247
"../../../SpaceShooter/Content/SkeletalMeshs/Weapons/NewFolder/Mat_BR2_Body.uasset" 248
"../../../SpaceShooter/Content/SkeletalMeshs/Weapons/NewFolder/PhysMat_Metal.uasset" 249
"../../../SpaceShooter/Content/SkeletalMeshs/Weapons/NewFolder/Mat_Metal.uasset" 250
"../../../SpaceShooter/Content/SkeletalMeshs/Weapons/NewFolder/BlueMetal_Inst.uasset" 251
"../../../SpaceShooter/Content/SkeletalMeshs/Weapons/NewFolder/BattleRifle2_PhysicsAsset.uasset" 252
"../../../SpaceShooter/Content/SkeletalMeshs/Weapons/NewFolder/BattleRifle2_Skeleton.uasset" 253
"../../../SpaceShooter/Content/SkeletalMeshs/Weapons/NewFolder/BattleRifle2.uasset" 254
"../../../SpaceShooter/Content/Blueprints/TestWeapon/TestRifle.uasset" 255
"../../../SpaceShooter/Content/Blueprints/Characters/PlayerCharacter.uasset" 256
"../../../SpaceShooter/Content/UI/Styles/Aller_Lt.uasset" 257
"../../../SpaceShooter/Content/UI/Styles/Aller_LtIt.uasset" 258
"../../../SpaceShooter/Content/UI/Styles/Raleway-Light.uasset" 259
"../../../SpaceShooter/Content/UI/Styles/Raleway-Regular.uasset" 260
"../../../SpaceShooter/Content/UI/Styles/Global.uasset" 261
"../../../SpaceShooter/Content/UI/Styles/Halo3.uasset" 262
"../../../SpaceShooter/Content/UI/Styles/Raleway-Italic.uasset" 263
"../../../SpaceShooter/Content/UI/Styles/Raleway-LightItalic.uasset" 264
"../../../Engine/Content/EngineMaterials/RemoveSurfaceMaterial.uasset" 265
"../../../Engine/Content/EngineDebugMaterials/DebugMeshMaterial.uasset" 266
"../../../Engine/Content/EngineMaterials/InvalidLightmapSettings.uasset" 267
"../../../Engine/Content/EngineMaterials/M_InvalidLightmapSettings.uasset" 268
"../../../Engine/Content/EditorMaterials/GizmoMaterial.uasset" 269
"../../../Engine/Content/EngineMaterials/Good64x64TilingNoiseHighFreq.uasset" 270
"../../../Engine/Content/EngineMaterials/DefaultBokeh.uasset" 271
"../../../Engine/Content/EngineMaterials/PreintegratedSkinBRDF.uasset" 272
"../../../Engine/Content/EngineMaterials/MiniFont.uasset" 273
"../../../Engine/Content/EngineMaterials/WeightMapPlaceholderTexture.uasset" 274
"../../../Engine/Content/EngineMaterials/DefaultWhiteGrid.uasset" 275
"../../../Engine/Content/EngineMaterials/DefaultPhysicalMaterial.uasset" 276
"../../../Engine/Content/EngineFonts/RobotoTiny.uasset" 277
"../../../SpaceShooter/Content/UI/Textures/DefaultCursorHover.uasset" 278
"../../../SpaceShooter/Content/UI/Textures/DefaultCursorImage.uasset" 279
"../../../SpaceShooter/Content/UI/DefaultCursor.uasset" 280
"../../../Engine/Content/EditorSounds/Notifications/CompileSuccess.uasset" 281
"../../../Engine/Content/EditorSounds/Notifications/CompileStart_Cue.uasset" 282
"../../../Engine/Content/EditorSounds/Notifications/CompileSuccess_Cue.uasset" 283
"../../../Engine/Content/EditorSounds/Notifications/CompileFailed.uasset" 284
"../../../Engine/Content/EditorSounds/Notifications/CompileFailed_Cue.uasset" 285
"../../../SpaceShooter/Content/UI/InventoryRowWidget.uasset" 286
"../../../Engine/Content/MobileResources/HUD/MobileHUDDirectionPad3.uasset" 287
"../../../Engine/Content/MobileResources/HUD/MobileHUDButton1_off.uasset" 288
"../../../Engine/Content/MobileResources/HUD/MobileHUDButton1_on.uasset" 289
"../../../SpaceShooter/Content/SkeletalMeshs/Weapons/Weapons-Firearms/SM_Revolver.uasset" 290
"../../../Engine/Content/MobileResources/HUD/MobileHUDButton2_on.uasset" 291
"../../../SpaceShooter/Content/Effects/Textures/T_Burst_M.uasset" 292
"../../../SpaceShooter/Content/Effects/Materials/M_Burst.uasset" 293
"../../../SpaceShooter/Content/Effects/Textures/T_explo_SubUV.uasset" 294
"../../../SpaceShooter/Content/Effects/Materials/M_explosion_subUV.uasset" 295
"../../../SpaceShooter/Content/Effects/Materials/m_flare_01.uasset" 296
"../../../SpaceShooter/Content/Effects/P_Explosion_Small.uasset" 297
"../../../SpaceShooter/Content/SkeletalMeshs/Animations/Pistol/Pistol_TurnR_90Loop.uasset" 298
"../../../SpaceShooter/Content/SkeletalMeshs/Animations/Pistol/Pistol_UnEquip.uasset" 299
"../../../SpaceShooter/Content/SkeletalMeshs/Animations/Pistol/Pistol_Vault_1m.uasset" 300
"../../../SpaceShooter/Content/SkeletalMeshs/Animations/Pistol/Pistol_WalkBwdStart.uasset" 301
"../../../SpaceShooter/Content/SkeletalMeshs/Animations/Pistol/Pistol_WalkBwdStop_LU.uasset" 302
"../../../SpaceShooter/Content/SkeletalMeshs/Animations/Pistol/Pistol_WalkBwdStop_RU.uasset" 303
"../../../SpaceShooter/Content/SkeletalMeshs/Animations/Pistol/Pistol_WalkFwdStart.uasset" 304
"../../../SpaceShooter/Content/SkeletalMeshs/Animations/Pistol/Pistol_WalkFwdStart180_L.uasset" 305
"../../../SpaceShooter/Content/SkeletalMeshs/Animations/Pistol/Pistol_WalkFwdStart180_R.uasset" 306
"../../../SpaceShooter/Content/SkeletalMeshs/Animations/Pistol/Pistol_WalkFwdStart90_L.uasset" 307
"../../../SpaceShooter/Content/SkeletalMeshs/Animations/Pistol/Pistol_WalkFwdStart90_R.uasset" 308
"../../../SpaceShooter/Content/SkeletalMeshs/Animations/Pistol/Pistol_WalkFwdStop_LU.uasset" 309
"../../../SpaceShooter/Content/SkeletalMeshs/Animations/Pistol/Pistol_WalkFwdStop_RU.uasset" 310
"../../../SpaceShooter/Content/SkeletalMeshs/Animations/Pistol/Rifle_Death_L.uasset" 311
"../../../SpaceShooter/Content/SkeletalMeshs/Animations/Pistol/Pistol_TurnR_180.uasset" 312
"../../../SpaceShooter/Content/SkeletalMeshs/Animations/Pistol/Pistol_TurnR_90.uasset" 313
"../../../SpaceShooter/Content/UI/HUD/Roboto51.uasset" 314
"../../../SpaceShooter/Content/UI/Menu/NewWidgetBlueprint2.uasset" 315
"../../../SpaceShooter/Content/UI/Menu/NewWidgetBlueprint.uasset" 316
"../../../SpaceShooter/Content/Effects/Textures/T_Explosion_SubUV.uasset" 317
"../../../SpaceShooter/Content/SkeletalMeshs/Weapons/Weapons-Firearms/Textures/T_Moss500_D.uasset" 318
"../../../SpaceShooter/Content/SkeletalMeshs/Weapons/Weapons-Firearms/Textures/T_Moss500_N.uasset" 319
"../../../SpaceShooter/Content/FirstPerson/Audio/FirstPersonTemplateWeaponFire02.uasset" 320
"../../../SpaceShooter/Content/FX/Images/bullethole1.uasset" 321
"../../../SpaceShooter/Content/FX/BulletImpactDecal.uasset" 322
"../../../SpaceShooter/Content/FX/BulletImpactDecalActor.uasset" 323
"../../../SpaceShooter/Content/FX/Explosion_Texture.uasset" 324
"../../../SpaceShooter/Content/FX/Explosion_Material.uasset" 325
"../../../Engine/Content/MobileResources/T_MobileControls_texture.uasset" 326
"../../../SpaceShooter/Content/SkeletalMeshs/Weapons/Weapons-Firearms/SM_BizonPP19.uasset" 327
"../../../SpaceShooter/Content/SkeletalMeshs/Weapons/Weapons-Firearms/Materials/MI_ColtBizonGalilStriker.uasset" 328
"../../../SpaceShooter/Content/SkeletalMeshs/Weapons/Weapons-Firearms/SM_G36C-SF.uasset" 329
"../../../SpaceShooter/Content/SkeletalMeshs/Weapons/Weapons-Firearms/SM_Mossberg500Short.uasset" 330
"../../../SpaceShooter/Content/Effects/P_ZombieBody_Bullet_Impact.uasset" 331
"../../../Engine/Content/MobileResources/HUD/T_Castle_ThumbstickInner.uasset" 332
"../../../SpaceShooter/Content/Effects/P_Explosion_Large.uasset" 333
"../../../SpaceShooter/Content/Blueprints/TestWeapon/eximpt.uasset" 334
"../../../SpaceShooter/Content/Blueprints/TestWeapon/NewSoundClass.uasset" 335
"../../../SpaceShooter/Content/SkeletalMeshs/Animations/Pistol/Pistol_Land_Generic.uasset" 336
"../../../SpaceShooter/Content/SkeletalMeshs/Animations/Pistol/Pistol_Melee_Hard.uasset" 337
"../../../SpaceShooter/Content/SkeletalMeshs/Animations/Pistol/Pistol_Melee_Kick.uasset" 338
"../../../SpaceShooter/Content/SkeletalMeshs/Animations/Pistol/Pistol_Reload_2.uasset" 339
"../../../SpaceShooter/Content/Effects/Textures/T_FlipbookBird_01_Lit_D.uasset" 340
"../../../SpaceShooter/Content/Effects/Materials/M_BirdsDistant.uasset" 341
"../../../SpaceShooter/Content/Effects/P_BirdsDistant_Circling.uasset" 342
"../../../SpaceShooter/Content/SkeletalMeshs/Weapons/Weapons-Firearms/Textures/T_ColtBizonGalilStriker_D.uasset" 343
"../../../Engine/Content/MobileResources/HUD/VirtualJoystick_Background.uasset" 344
"../../../Engine/Content/MobileResources/HUD/VirtualJoystick_Thumb.uasset" 345
"../../../Engine/Content/MobileResources/HUD/LeftVirtualJoystickOnly.uasset" 346
"../../../Engine/Content/MobileResources/HUD/DefaultVirtualJoysticks.uasset" 347
"../../../Engine/Content/MobileResources/HUD/AnalogHat.uasset" 348
"../../../SpaceShooter/Content/Effects/Textures/T_Smoke_SubUV.uasset" 349
"../../../Engine/Content/Functions/Engine_MaterialFunctions01/Vectors/MF_RotateVector_90.uasset" 350
"../../../SpaceShooter/Content/Effects/Textures/T_Bird_D.uasset" 351
"../../../SpaceShooter/Content/Effects/Textures/T_Bird_N.uasset" 352
"../../../SpaceShooter/Content/Effects/Materials/M_Bird.uasset" 353
"../../../SpaceShooter/Content/Effects/Materials/M_Bird_Inst.uasset" 354
"../../../SpaceShooter/Content/Effects/Materials/M_Bird_Particle_Inst.uasset" 355
"../../../SpaceShooter/Content/Effects/Meshes/SM_Bird.uasset" 356
"../../../SpaceShooter/Content/Effects/P_BirdsClose_Flying.uasset" 357
"../../../SpaceShooter/Content/SkeletalMeshs/Weapons/Weapons-Firearms/Textures/T_ColtBizonGalilStriker_N.uasset" 358
"../../../SpaceShooter/Content/Effects/P_BirdsDistant_Flying.uasset" 359
"../../../SpaceShooter/Content/SkeletalMeshs/Weapons/Weapons-Firearms/Textures/T_ColtBizonGalilStriker_RMA.uasset" 360
"../../../SpaceShooter/Content/Effects/P_BirdsClose_Circling.uasset" 361
"../../../SpaceShooter/Content/UI/HUD/LowHealthOverlay.uasset" 362
"../../../SpaceShooter/Content/Effects/Textures/Ramp/T_FX_CameraDistort.uasset" 363
"../../../SpaceShooter/Content/Effects/Textures/Ramp/T_FX_ColorDistort.uasset" 364
"../../../SpaceShooter/Content/Effects/Textures/Water/T_Caustics_2.uasset" 365
"../../../SpaceShooter/Content/Effects/Materials/Weapon/M_WP_Linkgun_Connection.uasset" 366
"../../../SpaceShooter/Content/Effects/Textures/Energy/T_EFX_Beam_Electricity_02.uasset" 367
"../../../SpaceShooter/Content/Effects/Materials/Weapon/M_WP_ShockRifle_Panning_Beam.uasset" 368
"../../../SpaceShooter/Content/Effects/P_AssaultRifle_Trail.uasset" 369
"../../../SpaceShooter/Content/UI/HUD/HUDAssets02.uasset" 370
"../../../SpaceShooter/Content/UI/HUD/HitIndicator.uasset" 371
"../../../Engine/Content/MobileResources/T_MobileMenu2.uasset" 372
"../../../Engine/Content/BasicShapes/Cone.uasset" 373
"../../../Engine/Content/EngineMaterials/WorldGridMaterial.uasset" 374
"../../../Engine/Content/BasicShapes/Cube.uasset" 375
"../../../Engine/Content/BasicShapes/Cylinder.uasset" 376
"../../../Engine/Content/BasicShapes/Sphere.uasset" 377
"../../../Engine/Content/EditorMaterials/PhAT_JointLimitMaterial.uasset" 378
"../../../Engine/Content/EditorMaterials/PreviewShadowIndicator.uasset" 379
"../../../Engine/Content/EditorMaterials/PreviewShadowIndicatorMaterial.uasset" 380
"../../../Engine/Content/EditorMeshes/ColorCalibrator/M_ChromeBall.uasset" 381
"../../../Engine/Content/EditorMeshes/ColorCalibrator/M_ClearCoat.uasset" 382
"../../../Engine/Content/EditorMeshes/ColorCalibrator/M_ClearCoatBlack.uasset" 383
"../../../Engine/Content/EditorMeshes/ColorCalibrator/T_ColorGrid.uasset" 384
"../../../Engine/Content/EditorMeshes/ColorCalibrator/M_ColorGrid.uasset" 385
"../../../Engine/Content/EditorMeshes/ColorCalibrator/M_GreyBall.uasset" 386
"../../../Engine/Content/EditorMeshes/ColorCalibrator/SM_ColorCalibrator.uasset" 387
"../../../Engine/Content/EditorResources/BSPVertex.uasset" 388
"../../../Engine/Content/EngineDebugMaterials/HeatmapGradient.uasset" 389
"../../../Engine/Content/EngineDebugMaterials/BoneWeightMaterial.uasset" 390
"../../../Engine/Content/EngineDebugMaterials/GeomMaterial.uasset" 391
"../../../Engine/Content/EngineMaterials/EditorBrushMaterial.uasset" 392
"../../../Engine/Content/EngineMeshes/Cube.uasset" 393
"../../../Engine/Content/MobileResources/HUD/MobileHUDButton2_off.uasset" 394
"../../../Engine/Content/MobileResources/HUD/T_Castle_ThumbstickOutter.uasset" 395
"../../../Engine/Content/Tutorial/Basics/TutorialAssets/icon_tab_Levels_40x.uasset" 396
"../../../Engine/Content/Tutorial/BlueprintTutorials/TutorialAssets/BlueprintInterface_64x.uasset" 397
"../../../Engine/Content/Tutorial/BlueprintTutorials/TutorialAssets/BlueprintMacroLibrary_64x.uasset" 398
"../../../Engine/Content/Tutorial/BlueprintTutorials/TutorialAssets/Blueprint_64x.uasset" 399
"../../../Engine/Content/Tutorial/BlueprintTutorials/TutorialAssets/Tutorial_BP_Interface.uasset" 400
"../../../Engine/Content/Tutorial/Foliage/TutorialAssets/Foliage.uasset" 401
"../../../Engine/Content/Tutorial/Landscape/TutorialAssets/Landscape.uasset" 402
"../../../Engine/Content/Tutorial/Paper2D/TutorialAssets/Paper2DFlipbook_TutorialIcon.uasset" 403
"../../../Engine/Content/Tutorial/Paper2D/TutorialAssets/Paper2DSprite_TutorialIcon.uasset" 404
"../../../Engine/Content/Tutorial/SubEditors/TutorialAssets/icon_Editor_Preferences_General_40x.uasset" 405
"../../../Engine/Content/Tutorial/SubEditors/TutorialAssets/icon_ShowSkeletalMeshes_40x.uasset" 406
"../../../Engine/Content/Tutorial/SubEditors/TutorialAssets/TutorialMaterial.uasset" 407
"../../../Engine/Content/Tutorial/SubEditors/TutorialAssets/T_SmokeSubUV_8X8.uasset" 408
"../../../Engine/Content/Tutorial/SubEditors/TutorialAssets/T_soft_smoke.uasset" 409
"../../../Engine/Content/Tutorial/SubEditors/TutorialAssets/M_smoke_subUV_blackbody.uasset" 410
"../../../Engine/Content/Tutorial/SubEditors/TutorialAssets/TutorialParticleSystem.uasset" 411
"../../../Engine/Content/EditorMeshes/EditorCube.uasset" 412
"../../../Engine/Content/Tutorial/SubEditors/TutorialAssets/Tutorial_DM.uasset" 413
"../../../SpaceShooter/Content/SkeletalMeshs/Animations/AnimStarterPack/Idle_Rifle_Ironsights.uasset" 414
"../../../SpaceShooter/Content/SkeletalMeshs/Animations/AnimStarterPack/Walk_Bwd_Rifle_Ironsights.uasset" 415
"../../../SpaceShooter/Content/SkeletalMeshs/Animations/AnimStarterPack/Walk_Fwd_Rifle_Ironsights.uasset" 416
"../../../SpaceShooter/Content/SkeletalMeshs/Animations/AnimStarterPack/Walk_Lt_Rifle_Ironsights.uasset" 417
"../../../SpaceShooter/Content/SkeletalMeshs/Animations/AnimStarterPack/Walk_Rt_Rifle_Ironsights.uasset" 418
"../../../SpaceShooter/Content/Blueprints/Characters/AnimationBluePrints/LegMovement.uasset" 419
"../../../SpaceShooter/Content/SkeletalMeshs/Animations/AnimStarterPack/Reload_Rifle_Ironsights.uasset" 420
"../../../SpaceShooter/Content/Blueprints/Characters/AnimationBluePrints/Reload_Rifle_Ironsights_Montage.uasset" 421
"../../../Engine/Content/Functions/Engine_MaterialFunctions01/Texturing/FlattenNormal.uasset" 422
"../../../Engine/Content/Functions/MaterialLayerFunctions/MatLayerBlend_BakedNormal.uasset" 423
"../../../Engine/Content/Functions/MaterialLayerFunctions/MatLayerBlend_Emissive.uasset" 424
"../../../Engine/Content/Functions/MaterialLayerFunctions/MatLayerBlend_RoughnessOverride.uasset" 425
"../../../Engine/Content/Functions/MaterialLayerFunctions/MatLayerBlend_Standard.uasset" 426
"../../../Engine/Content/Functions/MaterialLayerFunctions/MatLayerBlend_TintAllChannels.uasset" 427
"../../../SpaceShooter/Content/Weapons/MaterialLayers/ML_BoltMetal.uasset" 428
"../../../SpaceShooter/Content/Weapons/MaterialLayers/T_Metal_Metal02_D.uasset" 429
"../../../SpaceShooter/Content/Weapons/MaterialLayers/ML_Metal_Gray.uasset" 430
"../../../SpaceShooter/Content/Weapons/MaterialLayers/T_PaintedMetal01_N.uasset" 431
"../../../SpaceShooter/Content/Weapons/MaterialLayers/T_PaintedMetal02.uasset" 432
"../../../SpaceShooter/Content/Weapons/MaterialLayers/ML_Paint.uasset" 433
"../../../SpaceShooter/Content/Weapons/Textures/Launcher_01_N.uasset" 434
"../../../SpaceShooter/Content/Weapons/Textures/LauncherT1_section.uasset" 435
"../../../SpaceShooter/Content/Weapons/Textures/LauncherT1_shade.uasset" 436
"../../../SpaceShooter/Content/Weapons/Materials/Launcher_MatA.uasset" 437
"../../../SpaceShooter/Content/FX/Sound/FootStepAtten.uasset" 438
"../../../SpaceShooter/Content/FX/Sound/Player/Footsteps_SoundCue.uasset" 439
"../../../SpaceShooter/Content/SkeletalMeshs/Weapons/Weapons-Firearms/Skeletons/PlasmaRifle_PhysicsAsset.uasset" 440
"../../../SpaceShooter/Content/SkeletalMeshs/Weapons/Weapons-Firearms/Skeletons/PlasmaRifle_Skeleton.uasset" 441
"../../../SpaceShooter/Content/SkeletalMeshs/Weapons/Weapons-Firearms/Skeletons/PlasmaRifle.uasset" 442
"../../../SpaceShooter/Content/Blueprints/TestWeapon/NewBlueprint.uasset" 443
"../../../SpaceShooter/Content/SkeletalMeshs/Weapons/Weapons-Firearms/SM_PlasmaRifle.uasset" 444
"../../../SpaceShooter/Content/Blueprints/TestLoot/WeaponPickups/NewBlueprint.uasset" 445
"../../../SpaceShooter/Content/FX/Sound/Player/PlayerFootsteps_Cue.uasset" 446
"../../../SpaceShooter/Content/FX/Sound/Player/ShieldDepletedBeeping_Cue.uasset" 447
"../../../SpaceShooter/Content/FX/Sound/Player/ShieldLowBeep_Cue.uasset" 448
"../../../SpaceShooter/Content/FX/Sound/Player/ShieldRecharge_Cue.uasset" 449
"../../../SpaceShooter/Content/FX/Sound/Weapon/Sniper_Fire_Cue.uasset" 450
"../../../SpaceShooter/Content/PistolAnimsetPro/Character/M_Template_Master.uasset" 451
"../../../SpaceShooter/Content/PistolAnimsetPro/Character/Epic_Skeleton_Template_PhysicsAsset.uasset" 452
"../../../SpaceShooter/Content/PistolAnimsetPro/Character/Epic_Skeleton_Template.uasset" 453
"../../../SpaceShooter/Content/PistolAnimsetPro/Character/Epic_Skeleton_Template_Skeleton.uasset" 454
"../../../SpaceShooter/Content/PistolAnimsetPro/Animations/InPlace/Pistol_Climb_1m.uasset" 455
"../../../SpaceShooter/Content/PistolAnimsetPro/Animations/InPlace/Pistol_Crouch2Idle.uasset" 456
"../../../SpaceShooter/Content/PistolAnimsetPro/Animations/InPlace/Pistol_CrouchLoop.uasset" 457
"../../../SpaceShooter/Content/PistolAnimsetPro/Animations/InPlace/Pistol_Equip.uasset" 458
"../../../SpaceShooter/Content/PistolAnimsetPro/Animations/InPlace/Pistol_FallingLoop.uasset" 459
"../../../SpaceShooter/Content/PistolAnimsetPro/Animations/InPlace/Pistol_Grenade_Throw_Cancel.uasset" 460
"../../../SpaceShooter/Content/PistolAnimsetPro/Animations/InPlace/Pistol_Grenade_Throw_Close.uasset" 461
"../../../SpaceShooter/Content/PistolAnimsetPro/Animations/InPlace/Pistol_Grenade_Throw_Far.uasset" 462
"../../../SpaceShooter/Content/PistolAnimsetPro/Animations/InPlace/Pistol_Grenade_Throw_Loop.uasset" 463
"../../../SpaceShooter/Content/PistolAnimsetPro/Animations/InPlace/Pistol_Grenade_Throw_Single.uasset" 464
"../../../SpaceShooter/Content/PistolAnimsetPro/Animations/InPlace/Pistol_Grenade_Throw_Start.uasset" 465
"../../../SpaceShooter/Content/PistolAnimsetPro/Animations/InPlace/Pistol_Hit_C_1.uasset" 466
"../../../SpaceShooter/Content/PistolAnimsetPro/Animations/InPlace/Pistol_Hit_L_1.uasset" 467
"../../../SpaceShooter/Content/PistolAnimsetPro/Animations/InPlace/Pistol_Hit_L_2.uasset" 468
"../../../SpaceShooter/Content/PistolAnimsetPro/Animations/InPlace/Pistol_Hit_R_2.uasset" 469
"../../../SpaceShooter/Content/PistolAnimsetPro/Animations/InPlace/Pistol_Idle.uasset" 470
"../../../SpaceShooter/Content/PistolAnimsetPro/Animations/InPlace/Pistol_Idle2Crouch.uasset" 471
"../../../SpaceShooter/Content/PistolAnimsetPro/Animations/InPlace/Pistol_Idle_Relaxed.uasset" 472
"../../../SpaceShooter/Content/PistolAnimsetPro/Animations/InPlace/Pistol_Jump_Platformer_5m_ALL.uasset" 473
"../../../SpaceShooter/Content/PistolAnimsetPro/Animations/InPlace/Pistol_Jump_Platformer_Fall.uasset" 474
"../../../SpaceShooter/Content/PistolAnimsetPro/Animations/InPlace/Pistol_Jump_Platformer_Land.uasset" 475
"../../../SpaceShooter/Content/PistolAnimsetPro/Animations/InPlace/Pistol_Jump_Platformer_Predict_Land.uasset" 476
"../../../SpaceShooter/Content/PistolAnimsetPro/Animations/InPlace/Pistol_Jump_Platformer_Start.uasset" 477
"../../../SpaceShooter/Content/PistolAnimsetPro/Animations/InPlace/Pistol_LandHard_Generic.uasset" 478
"../../../SpaceShooter/Content/PistolAnimsetPro/Animations/InPlace/Pistol_Land_Generic.uasset" 479
"../../../SpaceShooter/Content/PistolAnimsetPro/Animations/InPlace/Pistol_Melee_Hard.uasset" 480
"../../../SpaceShooter/Content/PistolAnimsetPro/Animations/InPlace/Pistol_Melee_Kick.uasset" 481
"../../../SpaceShooter/Content/PistolAnimsetPro/Animations/InPlace/Pistol_Reload_2.uasset" 482
"../../../SpaceShooter/Content/PistolAnimsetPro/Animations/InPlace/Pistol_RunBwdLoop.uasset" 483
"../../../SpaceShooter/Content/PistolAnimsetPro/Animations/InPlace/Pistol_RunFwdLoop.uasset" 484
"../../../SpaceShooter/Content/PistolAnimsetPro/Animations/InPlace/Pistol_ShootOnce.uasset" 485
"../../../SpaceShooter/Content/PistolAnimsetPro/Animations/InPlace/Pistol_ShootPowerful.uasset" 486
"../../../SpaceShooter/Content/PistolAnimsetPro/Animations/InPlace/Pistol_SprintLoop.uasset" 487
"../../../SpaceShooter/Content/PistolAnimsetPro/Animations/InPlace/Pistol_SprintStart.uasset" 488
"../../../SpaceShooter/Content/PistolAnimsetPro/Animations/InPlace/Pistol_SprintStop_LU.uasset" 489
"../../../SpaceShooter/Content/PistolAnimsetPro/Animations/InPlace/Pistol_SprintStop_RU.uasset" 490
"../../../SpaceShooter/Content/PistolAnimsetPro/Animations/InPlace/Pistol_StrafeLeft135Loop.uasset" 491
"../../../SpaceShooter/Content/PistolAnimsetPro/Animations/InPlace/Pistol_StrafeLeft45Loop.uasset" 492
"../../../SpaceShooter/Content/PistolAnimsetPro/Animations/InPlace/Pistol_StrafeLeftLoop.uasset" 493
"../../../SpaceShooter/Content/PistolAnimsetPro/Animations/InPlace/Pistol_StrafeLeftStart.uasset" 494
"../../../SpaceShooter/Content/PistolAnimsetPro/Animations/InPlace/Pistol_StrafeLeftStop_LU.uasset" 495
"../../../SpaceShooter/Content/PistolAnimsetPro/Animations/InPlace/Pistol_StrafeLeftStop_RU.uasset" 496
"../../../SpaceShooter/Content/PistolAnimsetPro/Animations/InPlace/Pistol_StrafeRight135Loop.uasset" 497
"../../../SpaceShooter/Content/PistolAnimsetPro/Animations/InPlace/Pistol_StrafeRight45Loop.uasset" 498
"../../../SpaceShooter/Content/PistolAnimsetPro/Animations/InPlace/Pistol_StrafeRightLoop.uasset" 499
"../../../SpaceShooter/Content/PistolAnimsetPro/Animations/InPlace/Pistol_StrafeRightStart.uasset" 500
"../../../SpaceShooter/Content/PistolAnimsetPro/Animations/InPlace/Pistol_StrafeRightStop_LU.uasset" 501
"../../../SpaceShooter/Content/PistolAnimsetPro/Animations/InPlace/Pistol_StrafeRightStop_RU.uasset" 502
"../../../SpaceShooter/Content/PistolAnimsetPro/Animations/InPlace/Pistol_StrafeRun135LeftLoop.uasset" 503
"../../../SpaceShooter/Content/PistolAnimsetPro/Animations/InPlace/Pistol_StrafeRun135RightLoop.uasset" 504
"../../../SpaceShooter/Content/PistolAnimsetPro/Animations/InPlace/Pistol_StrafeRun45LeftLoop.uasset" 505
"../../../SpaceShooter/Content/PistolAnimsetPro/Animations/InPlace/Pistol_StrafeRun45RightLoop.uasset" 506
"../../../SpaceShooter/Content/PistolAnimsetPro/Animations/InPlace/Pistol_StrafeRunLeftLoop.uasset" 507
"../../../SpaceShooter/Content/PistolAnimsetPro/Animations/InPlace/Pistol_StrafeRunRightLoop.uasset" 508
"../../../SpaceShooter/Content/PistolAnimsetPro/Animations/InPlace/Pistol_TurnL_180.uasset" 509
"../../../SpaceShooter/Content/PistolAnimsetPro/Animations/InPlace/Pistol_TurnL_90.uasset" 510
"../../../SpaceShooter/Content/PistolAnimsetPro/Animations/InPlace/Pistol_TurnL_90Loop.uasset" 511
"../../../SpaceShooter/Content/PistolAnimsetPro/Animations/InPlace/Pistol_TurnR_180.uasset" 512
"../../../SpaceShooter/Content/PistolAnimsetPro/Animations/InPlace/Pistol_TurnR_90.uasset" 513
"../../../SpaceShooter/Content/PistolAnimsetPro/Animations/InPlace/Pistol_TurnR_90Loop.uasset" 514
"../../../SpaceShooter/Content/PistolAnimsetPro/Animations/InPlace/Pistol_UnEquip.uasset" 515
"../../../SpaceShooter/Content/PistolAnimsetPro/Animations/InPlace/Pistol_Vault_1m.uasset" 516
"../../../SpaceShooter/Content/PistolAnimsetPro/Animations/InPlace/Pistol_WalkBwdLoop.uasset" 517
"../../../SpaceShooter/Content/PistolAnimsetPro/Animations/InPlace/Pistol_WalkBwdStart.uasset" 518
"../../../SpaceShooter/Content/PistolAnimsetPro/Animations/InPlace/Pistol_WalkBwdStop_LU.uasset" 519
"../../../SpaceShooter/Content/PistolAnimsetPro/Animations/InPlace/Pistol_WalkBwdStop_RU.uasset" 520
"../../../SpaceShooter/Content/PistolAnimsetPro/Animations/InPlace/Pistol_WalkFwdLoop.uasset" 521
"../../../SpaceShooter/Content/PistolAnimsetPro/Animations/InPlace/Pistol_WalkFwdStart.uasset" 522
"../../../SpaceShooter/Content/PistolAnimsetPro/Animations/InPlace/Pistol_WalkFwdStart180_L.uasset" 523
"../../../SpaceShooter/Content/PistolAnimsetPro/Animations/InPlace/Pistol_WalkFwdStart180_R.uasset" 524
"../../../SpaceShooter/Content/PistolAnimsetPro/Animations/InPlace/Pistol_WalkFwdStart90_L.uasset" 525
"../../../SpaceShooter/Content/PistolAnimsetPro/Animations/InPlace/Pistol_WalkFwdStart90_R.uasset" 526
"../../../SpaceShooter/Content/PistolAnimsetPro/Animations/InPlace/Pistol_WalkFwdStop_LU.uasset" 527
"../../../SpaceShooter/Content/PistolAnimsetPro/Animations/InPlace/Pistol_WalkFwdStop_RU.uasset" 528
"../../../SpaceShooter/Content/PistolAnimsetPro/Animations/InPlace/Rifle_Death_L.uasset" 529
"../../../SpaceShooter/Content/PistolAnimsetPro/Animations/RootMotion/Pistol_Climb_1m.uasset" 530
"../../../SpaceShooter/Content/PistolAnimsetPro/Animations/RootMotion/Pistol_Crouch2Idle.uasset" 531
"../../../SpaceShooter/Content/PistolAnimsetPro/Animations/RootMotion/Pistol_Equip.uasset" 532
"../../../SpaceShooter/Content/PistolAnimsetPro/Animations/RootMotion/Pistol_FallingLoop.uasset" 533
"../../../SpaceShooter/Content/PistolAnimsetPro/Animations/RootMotion/Pistol_Grenade_Throw_Cancel.uasset" 534
"../../../SpaceShooter/Content/PistolAnimsetPro/Animations/RootMotion/Pistol_Grenade_Throw_Close.uasset" 535
"../../../SpaceShooter/Content/PistolAnimsetPro/Animations/RootMotion/Pistol_Grenade_Throw_Far.uasset" 536
"../../../SpaceShooter/Content/PistolAnimsetPro/Animations/RootMotion/Pistol_Grenade_Throw_Loop.uasset" 537
"../../../SpaceShooter/Content/PistolAnimsetPro/Animations/RootMotion/Pistol_Grenade_Throw_Single.uasset" 538
"../../../SpaceShooter/Content/PistolAnimsetPro/Animations/RootMotion/Pistol_Grenade_Throw_Start.uasset" 539
"../../../SpaceShooter/Content/PistolAnimsetPro/Animations/RootMotion/Pistol_Hit_C_1.uasset" 540
"../../../SpaceShooter/Content/PistolAnimsetPro/Animations/RootMotion/Pistol_Hit_L_1.uasset" 541
"../../../SpaceShooter/Content/PistolAnimsetPro/Animations/RootMotion/Pistol_Hit_L_2.uasset" 542
"../../../SpaceShooter/Content/PistolAnimsetPro/Animations/RootMotion/Pistol_Hit_R_2.uasset" 543
"../../../SpaceShooter/Content/PistolAnimsetPro/Animations/RootMotion/Pistol_Idle2Crouch.uasset" 544
"../../../SpaceShooter/Content/PistolAnimsetPro/Animations/RootMotion/Pistol_Idle_Relaxed.uasset" 545
"../../../SpaceShooter/Content/PistolAnimsetPro/Animations/RootMotion/Pistol_Jump_Platformer_5m_ALL.uasset" 546
"../../../SpaceShooter/Content/PistolAnimsetPro/Animations/RootMotion/Pistol_Jump_Platformer_Fall.uasset" 547
"../../../SpaceShooter/Content/PistolAnimsetPro/Animations/RootMotion/Pistol_Jump_Platformer_Land.uasset" 548
"../../../SpaceShooter/Content/PistolAnimsetPro/Animations/RootMotion/Pistol_Jump_Platformer_Predict_Land.uasset" 549
"../../../SpaceShooter/Content/PistolAnimsetPro/Animations/RootMotion/Pistol_Jump_Platformer_Start.uasset" 550
"../../../SpaceShooter/Content/PistolAnimsetPro/Animations/RootMotion/Pistol_LandHard_Generic.uasset" 551
"../../../SpaceShooter/Content/PistolAnimsetPro/Animations/RootMotion/Pistol_Land_Generic.uasset" 552
"../../../SpaceShooter/Content/PistolAnimsetPro/Animations/RootMotion/Pistol_Melee_Hard.uasset" 553
"../../../SpaceShooter/Content/PistolAnimsetPro/Animations/RootMotion/Pistol_Melee_Kick.uasset" 554
"../../../SpaceShooter/Content/PistolAnimsetPro/Animations/RootMotion/Pistol_Reload_2.uasset" 555
"../../../SpaceShooter/Content/PistolAnimsetPro/Animations/RootMotion/Pistol_ShootOnce.uasset" 556
"../../../SpaceShooter/Content/PistolAnimsetPro/Animations/RootMotion/Pistol_ShootPowerful.uasset" 557
"../../../SpaceShooter/Content/PistolAnimsetPro/Animations/RootMotion/Pistol_SprintLoop.uasset" 558
"../../../SpaceShooter/Content/PistolAnimsetPro/Animations/RootMotion/Pistol_SprintStart.uasset" 559
"../../../SpaceShooter/Content/PistolAnimsetPro/Animations/RootMotion/Pistol_SprintStop_LU.uasset" 560
"../../../SpaceShooter/Content/PistolAnimsetPro/Animations/RootMotion/Pistol_SprintStop_RU.uasset" 561
"../../../SpaceShooter/Content/PistolAnimsetPro/Animations/RootMotion/Pistol_TurnL_180.uasset" 562
"../../../SpaceShooter/Content/PistolAnimsetPro/Animations/RootMotion/Pistol_TurnL_90.uasset" 563
"../../../SpaceShooter/Content/PistolAnimsetPro/Animations/RootMotion/Pistol_TurnL_90Loop.uasset" 564
"../../../SpaceShooter/Content/PistolAnimsetPro/Animations/RootMotion/Pistol_TurnR_180.uasset" 565
"../../../SpaceShooter/Content/PistolAnimsetPro/Animations/RootMotion/Pistol_TurnR_90.uasset" 566
"../../../SpaceShooter/Content/PistolAnimsetPro/Animations/RootMotion/Pistol_TurnR_90Loop.uasset" 567
"../../../SpaceShooter/Content/PistolAnimsetPro/Animations/RootMotion/Pistol_UnEquip.uasset" 568
"../../../SpaceShooter/Content/PistolAnimsetPro/Animations/RootMotion/Pistol_Vault_1m.uasset" 569
"../../../SpaceShooter/Content/PistolAnimsetPro/Animations/RootMotion/Rifle_Death_L.uasset" 570
"../../../SpaceShooter/Content/PistolAnimsetPro/Animations/AimOffsets/Pistol_Crouch_AimOffset_CC.uasset" 571
"../../../SpaceShooter/Content/PistolAnimsetPro/Animations/AimOffsets/Pistol_Crouch_AimOffset_CD.uasset" 572
"../../../SpaceShooter/Content/PistolAnimsetPro/Animations/AimOffsets/Pistol_Crouch_AimOffset_CU.uasset" 573
"../../../SpaceShooter/Content/PistolAnimsetPro/Animations/AimOffsets/Pistol_Crouch_AimOffset_LC.uasset" 574
"../../../SpaceShooter/Content/PistolAnimsetPro/Animations/AimOffsets/Pistol_Crouch_AimOffset_LD.uasset" 575
"../../../SpaceShooter/Content/PistolAnimsetPro/Animations/AimOffsets/Pistol_Crouch_AimOffset_LU.uasset" 576
"../../../SpaceShooter/Content/PistolAnimsetPro/Animations/AimOffsets/Pistol_Crouch_AimOffset_RC.uasset" 577
"../../../SpaceShooter/Content/PistolAnimsetPro/Animations/AimOffsets/Pistol_Crouch_AimOffset_RD.uasset" 578
"../../../SpaceShooter/Content/PistolAnimsetPro/Animations/AimOffsets/Pistol_Crouch_AimOffset_RU.uasset" 579
"../../../SpaceShooter/Content/PistolAnimsetPro/Animations/RootMotion/Pistol_CrouchLoop.uasset" 580
"../../../SpaceShooter/Content/PistolAnimsetPro/BlendSpaces/PistolCrouchAimOffset.uasset" 581
"../../../SpaceShooter/Content/PistolAnimsetPro/Animations/RootMotion/Pistol_Idle.uasset" 582
"../../../SpaceShooter/Content/PistolAnimsetPro/Animations/RootMotion/Pistol_RunBwdLoop.uasset" 583
"../../../SpaceShooter/Content/PistolAnimsetPro/Animations/RootMotion/Pistol_RunFwdLoop.uasset" 584
"../../../SpaceShooter/Content/PistolAnimsetPro/Animations/RootMotion/Pistol_StrafeLeft135Loop.uasset" 585
"../../../SpaceShooter/Content/PistolAnimsetPro/Animations/RootMotion/Pistol_StrafeLeft45Loop.uasset" 586
"../../../SpaceShooter/Content/PistolAnimsetPro/Animations/RootMotion/Pistol_StrafeLeftLoop.uasset" 587
"../../../SpaceShooter/Content/PistolAnimsetPro/Animations/RootMotion/Pistol_StrafeRight135Loop.uasset" 588
"../../../SpaceShooter/Content/PistolAnimsetPro/Animations/RootMotion/Pistol_StrafeRight45Loop.uasset" 589
"../../../SpaceShooter/Content/PistolAnimsetPro/Animations/RootMotion/Pistol_StrafeRightLoop.uasset" 590
"../../../SpaceShooter/Content/PistolAnimsetPro/Animations/RootMotion/Pistol_StrafeRun135LeftLoop.uasset" 591
"../../../SpaceShooter/Content/PistolAnimsetPro/Animations/RootMotion/Pistol_StrafeRun135RightLoop.uasset" 592
"../../../SpaceShooter/Content/PistolAnimsetPro/Animations/RootMotion/Pistol_StrafeRun45LeftLoop.uasset" 593
"../../../SpaceShooter/Content/PistolAnimsetPro/Animations/RootMotion/Pistol_StrafeRun45RightLoop.uasset" 594
"../../../SpaceShooter/Content/PistolAnimsetPro/Animations/RootMotion/Pistol_StrafeRunLeftLoop.uasset" 595
"../../../SpaceShooter/Content/PistolAnimsetPro/Animations/RootMotion/Pistol_StrafeRunRightLoop.uasset" 596
"../../../SpaceShooter/Content/PistolAnimsetPro/Animations/RootMotion/Pistol_WalkBwdLoop.uasset" 597
"../../../SpaceShooter/Content/PistolAnimsetPro/Animations/RootMotion/Pistol_WalkFwdLoop.uasset" 598
"../../../SpaceShooter/Content/PistolAnimsetPro/BlendSpaces/PistolMovementLoop.uasset" 599
"../../../SpaceShooter/Content/PistolAnimsetPro/Animations/AimOffsets/Pistol_AimOffset_CC.uasset" 600
"../../../SpaceShooter/Content/PistolAnimsetPro/Animations/AimOffsets/Pistol_AimOffset_CD.uasset" 601
"../../../SpaceShooter/Content/PistolAnimsetPro/Animations/AimOffsets/Pistol_AimOffset_CU.uasset" 602
"../../../SpaceShooter/Content/PistolAnimsetPro/Animations/AimOffsets/Pistol_AimOffset_LC.uasset" 603
"../../../SpaceShooter/Content/PistolAnimsetPro/Animations/AimOffsets/Pistol_AimOffset_LD.uasset" 604
"../../../SpaceShooter/Content/PistolAnimsetPro/Animations/AimOffsets/Pistol_AimOffset_LU.uasset" 605
"../../../SpaceShooter/Content/PistolAnimsetPro/Animations/AimOffsets/Pistol_AimOffset_RC.uasset" 606
"../../../SpaceShooter/Content/PistolAnimsetPro/Animations/AimOffsets/Pistol_AimOffset_RD.uasset" 607
"../../../SpaceShooter/Content/PistolAnimsetPro/Animations/AimOffsets/Pistol_AimOffset_RU.uasset" 608
"../../../SpaceShooter/Content/PistolAnimsetPro/BlendSpaces/PistolStandAimOffset.uasset" 609
"../../../SpaceShooter/Content/PistolAnimsetPro/Animations/RootMotion/Pistol_StrafeLeftStart.uasset" 610
"../../../SpaceShooter/Content/PistolAnimsetPro/Animations/RootMotion/Pistol_StrafeRightStart.uasset" 611
"../../../SpaceShooter/Content/PistolAnimsetPro/Animations/RootMotion/Pistol_WalkBwdStart.uasset" 612
"../../../SpaceShooter/Content/PistolAnimsetPro/Animations/RootMotion/Pistol_WalkFwdStart.uasset" 613
"../../../SpaceShooter/Content/PistolAnimsetPro/BlendSpaces/StrafeStartBlendspace.uasset" 614
"../../../SpaceShooter/Content/PistolAnimsetPro/Animations/RootMotion/Pistol_StrafeLeftStop_LU.uasset" 615
"../../../SpaceShooter/Content/PistolAnimsetPro/Animations/RootMotion/Pistol_StrafeLeftStop_RU.uasset" 616
"../../../SpaceShooter/Content/PistolAnimsetPro/Animations/RootMotion/Pistol_StrafeRightStop_LU.uasset" 617
"../../../SpaceShooter/Content/PistolAnimsetPro/Animations/RootMotion/Pistol_StrafeRightStop_RU.uasset" 618
"../../../SpaceShooter/Content/PistolAnimsetPro/Animations/RootMotion/Pistol_WalkBwdStop_LU.uasset" 619
"../../../SpaceShooter/Content/PistolAnimsetPro/Animations/RootMotion/Pistol_WalkBwdStop_RU.uasset" 620
"../../../SpaceShooter/Content/PistolAnimsetPro/Animations/RootMotion/Pistol_WalkFwdStop_LU.uasset" 621
"../../../SpaceShooter/Content/PistolAnimsetPro/Animations/RootMotion/Pistol_WalkFwdStop_RU.uasset" 622
"../../../SpaceShooter/Content/PistolAnimsetPro/BlendSpaces/StrafeStopBlendspace.uasset" 623
"../../../SpaceShooter/Content/PistolAnimsetPro/Animations/RootMotion/Pistol_WalkFwdStart180_L.uasset" 624
"../../../SpaceShooter/Content/PistolAnimsetPro/Animations/RootMotion/Pistol_WalkFwdStart180_R.uasset" 625
"../../../SpaceShooter/Content/PistolAnimsetPro/Animations/RootMotion/Pistol_WalkFwdStart90_L.uasset" 626
"../../../SpaceShooter/Content/PistolAnimsetPro/Animations/RootMotion/Pistol_WalkFwdStart90_R.uasset" 627
"../../../SpaceShooter/Content/PistolAnimsetPro/BlendSpaces/WalkStartDirectionalBlendspace.uasset" 628
"../../../SpaceShooter/Content/SkeletalMeshs/Animations/ThirdPersonJump_Loop.uasset" 629
"../../../SpaceShooter/Content/SkeletalMeshs/Animations/ThirdPersonJump_Start.uasset" 630
"../../../SpaceShooter/Content/SkeletalMeshs/Animations/ThirdPerson_Jump.uasset" 631
"../../../SpaceShooter/Content/SkeletalMeshs/Animations/AnimStarterPack/Aim_Space_Hip.uasset" 632
"../../../SpaceShooter/Content/SkeletalMeshs/Animations/AnimStarterPack/Aim_Space_Ironsights.uasset" 633
"../../../SpaceShooter/Content/SkeletalMeshs/Animations/AnimStarterPack/Crouch_to_Stand_Rifle_Hip.uasset" 634
"../../../SpaceShooter/Content/SkeletalMeshs/Animations/AnimStarterPack/Crouch_to_Stand_Rifle_Ironsights.uasset" 635
"../../../SpaceShooter/Content/SkeletalMeshs/Animations/AnimStarterPack/Death_1.uasset" 636
"../../../SpaceShooter/Content/SkeletalMeshs/Animations/AnimStarterPack/Death_2.uasset" 637
"../../../SpaceShooter/Content/SkeletalMeshs/Animations/AnimStarterPack/Death_3.uasset" 638
"../../../SpaceShooter/Content/SkeletalMeshs/Animations/AnimStarterPack/Death_Ironsights_1.uasset" 639
"../../../SpaceShooter/Content/SkeletalMeshs/Animations/AnimStarterPack/Death_Ironsights_2.uasset" 640
"../../../SpaceShooter/Content/SkeletalMeshs/Animations/AnimStarterPack/Equip_Pistol_Standing.uasset" 641
"../../../SpaceShooter/Content/SkeletalMeshs/Animations/AnimStarterPack/Equip_Rifle_Standing.uasset" 642
"../../../SpaceShooter/Content/SkeletalMeshs/Animations/AnimStarterPack/Fire_Rifle_Hip.uasset" 643
"../../../SpaceShooter/Content/SkeletalMeshs/Animations/AnimStarterPack/Fire_Rifle_Ironsights.uasset" 644
"../../../SpaceShooter/Content/SkeletalMeshs/Animations/AnimStarterPack/Fire_Shotgun_Hip.uasset" 645
"../../../SpaceShooter/Content/SkeletalMeshs/Animations/AnimStarterPack/Fire_Shotgun_Ironsights.uasset" 646
"../../../SpaceShooter/Content/SkeletalMeshs/Animations/AnimStarterPack/Hit_React_1.uasset" 647
"../../../SpaceShooter/Content/SkeletalMeshs/Animations/AnimStarterPack/Hit_React_2.uasset" 648
"../../../SpaceShooter/Content/SkeletalMeshs/Animations/AnimStarterPack/Hit_React_3.uasset" 649
"../../../SpaceShooter/Content/SkeletalMeshs/Animations/AnimStarterPack/Hit_React_4.uasset" 650
"../../../SpaceShooter/Content/SkeletalMeshs/Animations/AnimStarterPack/Idle_Pistol.uasset" 651
"../../../SpaceShooter/Content/SkeletalMeshs/Animations/AnimStarterPack/Idle_Rifle_Hip_Break1.uasset" 652
"../../../SpaceShooter/Content/SkeletalMeshs/Animations/AnimStarterPack/Idle_Rifle_Hip_Break2.uasset" 653
"../../../SpaceShooter/Content/SkeletalMeshs/Animations/AnimStarterPack/Jump_From_Stand_Ironsights.uasset" 654
"../../../SpaceShooter/Content/SkeletalMeshs/Animations/AnimStarterPack/Prone_Death_1.uasset" 655
"../../../SpaceShooter/Content/SkeletalMeshs/Animations/AnimStarterPack/Prone_Death_2.uasset" 656
"../../../SpaceShooter/Content/SkeletalMeshs/Animations/AnimStarterPack/Prone_Fire_1.uasset" 657
"../../../SpaceShooter/Content/SkeletalMeshs/Animations/AnimStarterPack/Prone_Fire_2.uasset" 658
"../../../SpaceShooter/Content/SkeletalMeshs/Animations/AnimStarterPack/Prone_Idle.uasset" 659
"../../../SpaceShooter/Content/SkeletalMeshs/Animations/AnimStarterPack/Prone_Reload_Rifle.uasset" 660
"../../../SpaceShooter/Content/SkeletalMeshs/Animations/AnimStarterPack/Prone_Reload_Shotgun.uasset" 661
"../../../SpaceShooter/Content/SkeletalMeshs/Animations/AnimStarterPack/Prone_To_Stand.uasset" 662
"../../../SpaceShooter/Content/SkeletalMeshs/Animations/AnimStarterPack/Reload_Pistol.uasset" 663
"../../../SpaceShooter/Content/SkeletalMeshs/Animations/AnimStarterPack/Reload_Rifle_Hip.uasset" 664
"../../../SpaceShooter/Content/SkeletalMeshs/Animations/AnimStarterPack/Reload_Shotgun_Hip.uasset" 665
"../../../SpaceShooter/Content/SkeletalMeshs/Animations/AnimStarterPack/Reload_Shotgun_Ironsights.uasset" 666
"../../../SpaceShooter/Content/SkeletalMeshs/Animations/AnimStarterPack/Sprint_Fwd_Rifle.uasset" 667
"../../../SpaceShooter/Content/SkeletalMeshs/Animations/AnimStarterPack/Stand_to_Crouch_Rifle_Hip.uasset" 668
"../../../SpaceShooter/Content/SkeletalMeshs/Animations/AnimStarterPack/Stand_to_Crouch_Rifle_Ironsights.uasset" 669
"../../../SpaceShooter/Content/SkeletalMeshs/Animations/AnimStarterPack/Stand_To_Prone.uasset" 670
"../../../SpaceShooter/Content/SkeletalMeshs/Animations/Pistol/Pistol_Climb_1m.uasset" 671
"../../../SpaceShooter/Content/SkeletalMeshs/Animations/Pistol/Pistol_Crouch2Idle.uasset" 672
"../../../SpaceShooter/Content/SkeletalMeshs/Animations/Pistol/Pistol_CrouchLoop.uasset" 673
"../../../SpaceShooter/Content/SkeletalMeshs/Animations/Pistol/Pistol_Equip.uasset" 674
"../../../SpaceShooter/Content/SkeletalMeshs/Animations/Pistol/Pistol_FallingLoop.uasset" 675
"../../../SpaceShooter/Content/SkeletalMeshs/Animations/Pistol/Pistol_Grenade_Throw_Cancel.uasset" 676
"../../../SpaceShooter/Content/SkeletalMeshs/Animations/Pistol/Pistol_Grenade_Throw_Close.uasset" 677
"../../../SpaceShooter/Content/SkeletalMeshs/Animations/Pistol/Pistol_Grenade_Throw_Far.uasset" 678
"../../../SpaceShooter/Content/SkeletalMeshs/Animations/Pistol/Pistol_Grenade_Throw_Loop.uasset" 679
"../../../SpaceShooter/Content/SkeletalMeshs/Animations/Pistol/Pistol_Grenade_Throw_Single.uasset" 680
"../../../SpaceShooter/Content/SkeletalMeshs/Animations/Pistol/Pistol_Grenade_Throw_Start.uasset" 681
"../../../SpaceShooter/Content/SkeletalMeshs/Animations/Pistol/Pistol_Hit_C_1.uasset" 682
"../../../SpaceShooter/Content/SkeletalMeshs/Animations/Pistol/Pistol_Hit_L_1.uasset" 683
"../../../SpaceShooter/Content/SkeletalMeshs/Animations/Pistol/Pistol_Hit_L_2.uasset" 684
"../../../SpaceShooter/Content/SkeletalMeshs/Animations/Pistol/Pistol_Hit_R_2.uasset" 685
"../../../SpaceShooter/Content/SkeletalMeshs/Animations/Pistol/Pistol_Idle2.uasset" 686
"../../../SpaceShooter/Content/SkeletalMeshs/Animations/Pistol/Pistol_Idle2Crouch.uasset" 687
"../../../SpaceShooter/Content/SkeletalMeshs/Animations/Pistol/Pistol_Idle_Relaxed.uasset" 688
"../../../SpaceShooter/Content/SkeletalMeshs/Animations/Pistol/Pistol_Jump_Platformer_5m_ALL.uasset" 689
"../../../SpaceShooter/Content/SkeletalMeshs/Animations/Pistol/Pistol_Jump_Platformer_Fall.uasset" 690
"../../../SpaceShooter/Content/SkeletalMeshs/Animations/Pistol/Pistol_Jump_Platformer_Land.uasset" 691
"../../../SpaceShooter/Content/SkeletalMeshs/Animations/Pistol/Pistol_Jump_Platformer_Predict_Land.uasset" 692
"../../../SpaceShooter/Content/SkeletalMeshs/Animations/Pistol/Pistol_Jump_Platformer_Start.uasset" 693
"../../../SpaceShooter/Content/SkeletalMeshs/Animations/Pistol/Pistol_LandHard_Generic.uasset" 694
"../../../SpaceShooter/Content/SkeletalMeshs/Animations/Pistol/Pistol_RunFwdLoop2.uasset" 695
"../../../SpaceShooter/Content/SkeletalMeshs/Animations/Pistol/Pistol_ShootOnce.uasset" 696
"../../../SpaceShooter/Content/SkeletalMeshs/Animations/Pistol/Pistol_ShootOnce_Montage.uasset" 697
"../../../SpaceShooter/Content/SkeletalMeshs/Animations/Pistol/Pistol_ShootPowerful.uasset" 698
"../../../SpaceShooter/Content/SkeletalMeshs/Animations/Pistol/Pistol_SprintLoop.uasset" 699
"../../../SpaceShooter/Content/SkeletalMeshs/Animations/Pistol/Pistol_SprintStart.uasset" 700
"../../../SpaceShooter/Content/SkeletalMeshs/Animations/Pistol/Pistol_SprintStop_LU.uasset" 701
"../../../SpaceShooter/Content/SkeletalMeshs/Animations/Pistol/Pistol_SprintStop_RU.uasset" 702
"../../../SpaceShooter/Content/SkeletalMeshs/Animations/Pistol/Pistol_StrafeLeftStart.uasset" 703
"../../../SpaceShooter/Content/SkeletalMeshs/Animations/Pistol/Pistol_StrafeLeftStop_LU.uasset" 704
"../../../SpaceShooter/Content/SkeletalMeshs/Animations/Pistol/Pistol_StrafeLeftStop_RU.uasset" 705
"../../../SpaceShooter/Content/SkeletalMeshs/Animations/Pistol/Pistol_StrafeRightStart.uasset" 706
"../../../SpaceShooter/Content/SkeletalMeshs/Animations/Pistol/Pistol_StrafeRightStop_LU.uasset" 707
"../../../SpaceShooter/Content/SkeletalMeshs/Animations/Pistol/Pistol_StrafeRightStop_RU.uasset" 708
"../../../SpaceShooter/Content/SkeletalMeshs/Animations/Pistol/Pistol_TurnL_180.uasset" 709
"../../../SpaceShooter/Content/SkeletalMeshs/Animations/Pistol/Pistol_TurnL_90.uasset" 710
"../../../SpaceShooter/Content/SkeletalMeshs/Animations/Pistol/Pistol_TurnL_90Loop.uasset" 711
"../../../SpaceShooter/Content/SkeletalMeshs/MiscMeshes/Bottle.uasset" 712
"../../../SpaceShooter/Content/SkeletalMeshs/MiscMeshes/Chest.uasset" 713
"../../../SpaceShooter/Content/SkeletalMeshs/MiscMeshes/GossibStone.uasset" 714
"../../../SpaceShooter/Content/SkeletalMeshs/MiscMeshes/Letter.uasset" 715
"../../../Engine/Content/Functions/MaterialLayerFunctions/MatLayerBlend_Decal.uasset" 716
"../../../SpaceShooter/Content/Characters/Textures/Chr_FPS_Metal_02.uasset" 717
"../../../SpaceShooter/Content/Weapons/MaterialLayers/T_ExampleLayers_Metal02_N.uasset" 718
"../../../SpaceShooter/Content/Weapons/MaterialLayers/ML_Metal_Copper.uasset" 719
"../../../SpaceShooter/Content/Weapons/MaterialLayers/T_Rubber.uasset" 720
"../../../SpaceShooter/Content/Weapons/MaterialLayers/ML_Rubber.uasset" 721
"../../../SpaceShooter/Content/Weapons/Textures/MagGun_01_N.uasset" 722
"../../../SpaceShooter/Content/Weapons/Textures/MagGun_Decals.uasset" 723
"../../../SpaceShooter/Content/Weapons/Textures/MagGunT1_section.uasset" 724
"../../../SpaceShooter/Content/Weapons/Textures/MagGunT1_shade.uasset" 725
"../../../SpaceShooter/Content/Weapons/Materials/MagGun_MatA.uasset" 726
"../../../SpaceShooter/Content/Weapons/Materials/MagGun_MatA_Inst3.uasset" 727
"../../../SpaceShooter/Content/Weapons/Textures/MagGun_02_N.uasset" 728
"../../../SpaceShooter/Content/Weapons/Textures/MagGun_Display_EM.uasset" 729
"../../../SpaceShooter/Content/Weapons/Textures/MagGunT2_section.uasset" 730
"../../../SpaceShooter/Content/Weapons/Textures/MagGunT2_shade.uasset" 731
"../../../SpaceShooter/Content/Weapons/Materials/MagGun_MatB.uasset" 732
"../../../SpaceShooter/Content/Weapons/Materials/MagGun_MatB_Inst2.uasset" 733
"../../../SpaceShooter/Content/Environment/Textures/holo_layer_1_5.uasset" 734
"../../../SpaceShooter/Content/Weapons/Textures/SightLens_maskA.uasset" 735
"../../../SpaceShooter/Content/Weapons/Textures/SightLens_maskB.uasset" 736
"../../../SpaceShooter/Content/Weapons/Materials/MagGun_SightLens_Mat.uasset" 737
"../../../SpaceShooter/Content/Weapons/Materials/MagGun_SightLens_Mat_Inst.uasset" 738
"../../../SpaceShooter/Content/SkeletalMeshs/MiscMeshes/ShooterRifle.uasset" 739
"../../../SpaceShooter/Content/SkeletalMeshs/MiscMeshes/SignPost.uasset" 740
"../../../Engine/Content/EngineMaterials/DefaultNormal.uasset" 741
"../../../Engine/Content/Maps/Entry.umap" 742
"../../../SpaceShooter/Content/Blueprints/Characters/NewBlueprint.uasset" 743
"../../../SpaceShooter/Content/Effects/Textures/Energy/T_EFX_Energy_Arc_SubUV.uasset" 744
"../../../SpaceShooter/Content/Effects/Materials/Energy/M_Electrical.uasset" 745
"../../../SpaceShooter/Content/Effects/Textures/Energy/T_EFX_Energy_Loop_Free.uasset" 746
"../../../SpaceShooter/Content/Effects/Materials/Energy/M_WP_ShockRifle_Ring.uasset" 747
"../../../SpaceShooter/Content/Effects/ParticleSystems/Weapons/RocketLauncher/Muzzle/P_Launcher_proj.uasset" 748
"../../../SpaceShooter/Content/SkeletalMeshs/Weapons/Weapons-Firearms/SM_BerettaM9.uasset" 749
"../../../SpaceShooter/Content/Blueprints/TestWeapon/SniperBullet.uasset" 750
"../../../SpaceShooter/Content/Effects/Explosion_Texture.uasset" 751
"../../../SpaceShooter/Content/Effects/Explosion_Material.uasset" 752
"../../../SpaceShooter/Content/Effects/MuzzleFlash/AR_Flash_Particle.uasset" 753
"../../../SpaceShooter/Content/Blueprints/TestWeapon/Sniper.uasset" 754
"../../../SpaceShooter/Content/SkeletalMeshs/Weapons/Weapons-Firearms/SM_Galil.uasset" 755
"../../../SpaceShooter/Content/Blueprints/TestLoot/WeaponPickups/BattleRifle2.uasset" 756
"../../../SpaceShooter/Content/SkeletalMeshs/Weapons/Weapons-Firearms/SM_BattleRifle.uasset" 757
"../../../SpaceShooter/Content/Blueprints/TestLoot/WeaponPickups/BattleRifle.uasset" 758
"../../../Engine/Content/EditorBlueprintResources/StandardMacros.uasset" 759
"../../../Engine/Content/EngineSky/C_Sky_Cloud_Color.uasset" 760
"../../../Engine/Content/EngineSky/C_Sky_Horizon_Color.uasset" 761
"../../../Engine/Content/EngineSky/C_Sky_Zenith_Color.uasset" 762
"../../../Engine/Content/EngineSky/T_Sky_Blue.uasset" 763
"../../../Engine/Content/EngineSky/T_Sky_Clouds_M.uasset" 764
"../../../Engine/Content/EngineSky/T_Sky_Stars.uasset" 765
"../../../Engine/Content/EngineSky/M_Sky_Panning_Clouds2.uasset" 766
"../../../Engine/Content/EngineSky/SM_SkySphere.uasset" 767
"../../../Engine/Content/EngineSky/BP_Sky_Sphere.uasset" 768
"../../../SpaceShooter/Content/SkeletalMeshs/MiscMeshes/M_LogoGold.uasset" 769
"../../../SpaceShooter/Content/SkeletalMeshs/MiscMeshes/N64Logo.uasset" 770
"../../../SpaceShooter/Content/Blueprints/TestLoot/Ammo/RifleAmmo.uasset" 771
"../../../SpaceShooter/Content/SkeletalMeshs/MiscMeshes/Key.uasset" 772
"../../../SpaceShooter/Content/Blueprints/TestLoot/BossKey.uasset" 773
"../../../SpaceShooter/Content/SkeletalMeshs/MiscMeshes/Triforce.uasset" 774
"../../../SpaceShooter/Content/Blueprints/TestLoot/Triforce.uasset" 775
"../../../SpaceShooter/Content/Blueprints/TestWeapon/explosiveDamage.uasset" 776
"../../../SpaceShooter/Content/SkeletalMeshs/Weapons/Weapons-Firearms/SM_StrikerShotgun.uasset" 777
"../../../SpaceShooter/Content/Blueprints/TestWeapon/TestProjectile.uasset" 778
"../../../SpaceShooter/Content/Effects/Textures/Noise/T_FX_RoilingFlameModulate.uasset" 779
"../../../SpaceShooter/Content/Effects/Textures/Weapon/T_Coil.uasset" 780
"../../../SpaceShooter/Content/Effects/Materials/Weapon/M_WP_LinkGun_MF_3_new.uasset" 781
"../../../SpaceShooter/Content/Effects/ParticleSystems/Weapons/RocketLauncher/Muzzle/P_Launcher_MF.uasset" 782
"../../../SpaceShooter/Content/FX/Sound/Weapon/RocketLauncherFire_Cue.uasset" 783
"../../../SpaceShooter/Content/Weapons/Materials/Launcher_MatA_Inst.uasset" 784
"../../../SpaceShooter/Content/Weapons/Textures/Launcher_02_N.uasset" 785
"../../../SpaceShooter/Content/Weapons/Textures/LauncherT2_section.uasset" 786
"../../../SpaceShooter/Content/Weapons/Textures/LauncherT2_shade.uasset" 787
"../../../SpaceShooter/Content/Weapons/Materials/Launcher_MatB.uasset" 788
"../../../SpaceShooter/Content/Weapons/Materials/Launcher_MatB_Inst.uasset" 789
"../../../SpaceShooter/Content/Weapons/ShooterLauncher_PhysicsAsset.uasset" 790
"../../../SpaceShooter/Content/Weapons/ShooterLauncher_Skeleton.uasset" 791
"../../../SpaceShooter/Content/Weapons/ShooterLauncher.uasset" 792
"../../../SpaceShooter/Content/Blueprints/TestWeapon/Launcher.uasset" 793
"../../../SpaceShooter/Content/SkeletalMeshs/MiscMeshes/ShooterLauncher.uasset" 794
"../../../SpaceShooter/Content/Blueprints/TestLoot/WeaponPickups/Launcher.uasset" 795
"../../../SpaceShooter/Content/Effects/Textures/fire/T_explo_SubUV.uasset" 796
"../../../SpaceShooter/Content/Effects/Materials/Explosion/M_explosion_subUV.uasset" 797
"../../../SpaceShooter/Content/Effects/ParticleSystems/Weapons/RocketLauncher/Impact/P_Launcher_IH.uasset" 798
"../../../SpaceShooter/Content/SkeletalMeshs/MiscMeshes/Nintendo.uasset" 799
"../../../SpaceShooter/Content/Blueprints/TestWeapon/TestProjectile2.uasset" 800
"../../../SpaceShooter/Content/Blueprints/TestWeapon/Launcher2.uasset" 801
"../../../SpaceShooter/Content/Blueprints/TestLoot/WeaponPickups/Launcher2.uasset" 802
"../../../SpaceShooter/Content/Blueprints/TestLoot/WeaponPickups/Pistol.uasset" 803
"../../../SpaceShooter/Content/Blueprints/TestWeapon/TestRifle2.uasset" 804
"../../../SpaceShooter/Content/SkeletalMeshs/Weapons/Weapons-Firearms/SM_InterstellaRifle.uasset" 805
"../../../SpaceShooter/Content/Blueprints/TestLoot/WeaponPickups/Rifle.uasset" 806
"../../../Engine/Content/MapTemplates/SM_Template_Map_Floor.uasset" 807
"../../../SpaceShooter/Content/Effects/Textures/Noise/T_TilingNoise03.uasset" 808
"../../../SpaceShooter/Content/Effects/Textures/Smoke/T_SmokeSubUV_8X8_02.uasset" 809
"../../../SpaceShooter/Content/Effects/Textures/Smoke/T_TilingClouds_01.uasset" 810
"../../../SpaceShooter/Content/Effects/Materials/Snow/M_Snow_Blowing_Lit.uasset" 811
"../../../SpaceShooter/Content/Effects/P_Mist_Lit_Still.uasset" 812
"../../../SpaceShooter/Content/NewMap.umap" 813
